<?xml version="1.0" encoding="UTF-8"?>
<!-- Generated by org.testng.reporters.JUnitXMLReporter -->
<testsuite hostname="DESKTOP-QGVDP2Q" ignored="1" tests="0" failures="0" timestamp="2020-07-23T16:44:30 CDT" time="0.062" errors="0">
  <testcase name="@AfterTest dasshboard" time="0.046" classname="Test.UserOpen">
    <failure type="java.lang.NullPointerException">
      <![CDATA[java.lang.NullPointerException
at org.openqa.selenium.support.pagefactory.DefaultElementLocator.findElement(DefaultElementLocator.java:69)
at org.openqa.selenium.support.pagefactory.internal.LocatingElementHandler.invoke(LocatingElementHandler.java:38)
at com.sun.proxy.$Proxy11.click(Unknown Source)
at Page.DashBoard.CRM(DashBoard.java:27)
at Test.UserOpen.dasshboard(UserOpen.java:43)
... Removed 24 stack frames]]>
    </failure>
  </testcase> <!-- @AfterTest dasshboard -->
  <testcase name="Open" time="0.0" classname="Test.UserOpen">
    <ignored/>
  </testcase> <!-- Open -->
</testsuite>
