<?xml version="1.0" encoding="UTF-8"?>
<testng-results skipped="0" failed="0" ignored="0" total="1" passed="1">
  <reporter-output>
  </reporter-output>
  <suite name="regression" duration-ms="6262" started-at="2020-07-23T00:31:46 CDT" finished-at="2020-07-23T00:31:53 CDT">
    <groups>
    </groups>
    <test name="UserOpen" duration-ms="6262" started-at="2020-07-23T00:31:46 CDT" finished-at="2020-07-23T00:31:53 CDT">
      <class name="Test.UserOpen">
        <test-method status="PASS" signature="OpenBrowser()[pri:0, instance:Test.UserOpen@43814d18]" name="OpenBrowser" is-config="true" duration-ms="3953" started-at="2020-07-23T00:31:46 CDT" finished-at="2020-07-23T00:31:50 CDT">
          <reporter-output>
          </reporter-output>
        </test-method> <!-- OpenBrowser -->
        <test-method status="PASS" signature="Open(java.lang.String, java.lang.String)[pri:0, instance:Test.UserOpen@43814d18]" name="Open" duration-ms="2259" started-at="2020-07-23T00:31:50 CDT" finished-at="2020-07-23T00:31:53 CDT">
          <params>
            <param index="0">
              <value>
                <![CDATA[techfiosdemo@gmail.com]]>
              </value>
            </param>
            <param index="1">
              <value>
                <![CDATA[abc123]]>
              </value>
            </param>
          </params>
          <reporter-output>
          </reporter-output>
        </test-method> <!-- Open -->
      </class> <!-- Test.UserOpen -->
    </test> <!-- UserOpen -->
  </suite> <!-- regression -->
</testng-results>
